Performing C++ SOURCE FILE Test CMAKE_HAVE_LIBC_PTHREAD failed with the following output:
Change Dir: /home/zy/vision/ultralytics/examples/YOLOv8-ONNXRuntime-CPP/build/CMakeFiles/CMakeTmp

Run Build Command(s):/usr/bin/make cmTC_7ff59/fast && /usr/bin/make  -f CMakeFiles/cmTC_7ff59.dir/build.make CMakeFiles/cmTC_7ff59.dir/build
make[1]: Entering directory '/home/zy/vision/ultralytics/examples/YOLOv8-ONNXRuntime-CPP/build/CMakeFiles/CMakeTmp'
Building CXX object CMakeFiles/cmTC_7ff59.dir/src.cxx.o
/usr/bin/c++   -DCMAKE_HAVE_LIBC_PTHREAD -o CMakeFiles/cmTC_7ff59.dir/src.cxx.o -c /home/zy/vision/ultralytics/examples/YOLOv8-ONNXRuntime-CPP/build/CMakeFiles/CMakeTmp/src.cxx
Linking CXX executable cmTC_7ff59
/home/zy/tools/cmake-3.18.5-Linux-x86_64/bin/cmake -E cmake_link_script CMakeFiles/cmTC_7ff59.dir/link.txt --verbose=1
/usr/bin/c++  -DCMAKE_HAVE_LIBC_PTHREAD CMakeFiles/cmTC_7ff59.dir/src.cxx.o -o cmTC_7ff59 
/usr/bin/ld: CMakeFiles/cmTC_7ff59.dir/src.cxx.o: in function `main':
src.cxx:(.text+0x46): undefined reference to `pthread_create'
/usr/bin/ld: src.cxx:(.text+0x52): undefined reference to `pthread_detach'
/usr/bin/ld: src.cxx:(.text+0x5e): undefined reference to `pthread_cancel'
/usr/bin/ld: src.cxx:(.text+0x6f): undefined reference to `pthread_join'
collect2: error: ld returned 1 exit status
make[1]: *** [CMakeFiles/cmTC_7ff59.dir/build.make:106: cmTC_7ff59] Error 1
make[1]: Leaving directory '/home/zy/vision/ultralytics/examples/YOLOv8-ONNXRuntime-CPP/build/CMakeFiles/CMakeTmp'
make: *** [Makefile:140: cmTC_7ff59/fast] Error 2


Source file was:
#include <pthread.h>

void* test_func(void* data)
{
  return data;
}

int main(void)
{
  pthread_t thread;
  pthread_create(&thread, NULL, test_func, NULL);
  pthread_detach(thread);
  pthread_cancel(thread);
  pthread_join(thread, NULL);
  pthread_atfork(NULL, NULL, NULL);
  pthread_exit(NULL);

  return 0;
}

Determining if the function pthread_create exists in the pthreads failed with the following output:
Change Dir: /home/zy/vision/ultralytics/examples/YOLOv8-ONNXRuntime-CPP/build/CMakeFiles/CMakeTmp

Run Build Command(s):/usr/bin/make cmTC_0b50a/fast && /usr/bin/make  -f CMakeFiles/cmTC_0b50a.dir/build.make CMakeFiles/cmTC_0b50a.dir/build
make[1]: Entering directory '/home/zy/vision/ultralytics/examples/YOLOv8-ONNXRuntime-CPP/build/CMakeFiles/CMakeTmp'
Building CXX object CMakeFiles/cmTC_0b50a.dir/CheckFunctionExists.cxx.o
/usr/bin/c++   -DCHECK_FUNCTION_EXISTS=pthread_create -o CMakeFiles/cmTC_0b50a.dir/CheckFunctionExists.cxx.o -c /home/zy/vision/ultralytics/examples/YOLOv8-ONNXRuntime-CPP/build/CMakeFiles/CheckLibraryExists/CheckFunctionExists.cxx
Linking CXX executable cmTC_0b50a
/home/zy/tools/cmake-3.18.5-Linux-x86_64/bin/cmake -E cmake_link_script CMakeFiles/cmTC_0b50a.dir/link.txt --verbose=1
/usr/bin/c++  -DCHECK_FUNCTION_EXISTS=pthread_create CMakeFiles/cmTC_0b50a.dir/CheckFunctionExists.cxx.o -o cmTC_0b50a  -lpthreads 
/usr/bin/ld: cannot find -lpthreads
collect2: error: ld returned 1 exit status
make[1]: *** [CMakeFiles/cmTC_0b50a.dir/build.make:106: cmTC_0b50a] Error 1
make[1]: Leaving directory '/home/zy/vision/ultralytics/examples/YOLOv8-ONNXRuntime-CPP/build/CMakeFiles/CMakeTmp'
make: *** [Makefile:140: cmTC_0b50a/fast] Error 2



